TN:
SF:/home/rampage/Desktop/work/repos/private/@rxdi/core/src/container/Container.ts
FN:39,(anonymous_0)
FN:43,(anonymous_1)
FN:74,(anonymous_2)
FN:100,(anonymous_3)
FN:120,(anonymous_4)
FN:152,(anonymous_5)
FN:160,(anonymous_6)
FN:168,(anonymous_7)
FN:170,(anonymous_8)
FN:178,(anonymous_9)
FN:186,(anonymous_10)
FN:194,(anonymous_11)
FNF:12
FNH:3
FNDA:62,(anonymous_0)
FNDA:0,(anonymous_1)
FNDA:0,(anonymous_2)
FNDA:48,(anonymous_3)
FNDA:0,(anonymous_4)
FNDA:37,(anonymous_5)
FNDA:0,(anonymous_6)
FNDA:0,(anonymous_7)
FNDA:0,(anonymous_8)
FNDA:0,(anonymous_9)
FNDA:0,(anonymous_10)
FNDA:0,(anonymous_11)
DA:6,7
DA:11,7
DA:20,7
DA:25,7
DA:30,7
DA:40,62
DA:41,62
DA:43,0
DA:44,0
DA:45,0
DA:46,0
DA:49,0
DA:75,0
DA:101,48
DA:121,0
DA:153,37
DA:154,37
DA:161,0
DA:162,0
DA:169,0
DA:170,0
DA:171,0
DA:172,0
DA:173,0
DA:177,0
DA:178,0
DA:180,0
DA:187,0
DA:188,0
DA:195,0
LF:30
LH:10
BRDA:40,0,0,62
BRDA:40,0,1,0
BRDA:44,1,0,0
BRDA:44,1,1,0
BRDA:169,2,0,0
BRDA:169,2,1,0
BRDA:171,3,0,0
BRDA:171,3,1,0
BRF:8
BRH:1
end_of_record
TN:
SF:/home/rampage/Desktop/work/repos/private/@rxdi/core/src/container/ContainerInstance.ts
FN:40,(anonymous_0)
FN:70,(anonymous_1)
FN:96,(anonymous_2)
FN:135,(anonymous_3)
FN:136,(anonymous_4)
FN:171,(anonymous_5)
FN:173,(anonymous_6)
FN:198,(anonymous_7)
FN:199,(anonymous_8)
FN:200,(anonymous_9)
FN:210,(anonymous_10)
FN:222,(anonymous_11)
FN:223,(anonymous_12)
FN:237,(anonymous_13)
FN:238,(anonymous_14)
FN:252,(anonymous_15)
FN:297,(anonymous_16)
FN:352,(anonymous_17)
FN:353,(anonymous_18)
FN:354,(anonymous_19)
FN:369,(anonymous_20)
FN:376,(anonymous_21)
FN:377,(anonymous_22)
FNF:23
FNH:10
FNDA:7,(anonymous_0)
FNDA:0,(anonymous_1)
FNDA:62,(anonymous_2)
FNDA:0,(anonymous_3)
FNDA:0,(anonymous_4)
FNDA:37,(anonymous_5)
FNDA:0,(anonymous_6)
FNDA:0,(anonymous_7)
FNDA:0,(anonymous_8)
FNDA:0,(anonymous_9)
FNDA:0,(anonymous_10)
FNDA:0,(anonymous_11)
FNDA:0,(anonymous_12)
FNDA:161,(anonymous_13)
FNDA:1114,(anonymous_14)
FNDA:62,(anonymous_15)
FNDA:0,(anonymous_16)
FNDA:3,(anonymous_17)
FNDA:14,(anonymous_18)
FNDA:0,(anonymous_19)
FNDA:14,(anonymous_20)
FNDA:35,(anonymous_21)
FNDA:0,(anonymous_22)
DA:3,7
DA:5,7
DA:6,7
DA:7,7
DA:8,7
DA:16,7
DA:34,7
DA:41,7
DA:71,0
DA:98,62
DA:99,62
DA:100,62
DA:102,62
DA:103,0
DA:105,62
DA:106,60
DA:108,2
DA:109,0
DA:110,0
DA:111,0
DA:112,0
DA:113,0
DA:116,2
DA:136,0
DA:172,37
DA:173,0
DA:174,0
DA:176,37
DA:177,0
DA:179,37
DA:180,0
DA:184,37
DA:185,37
DA:186,37
DA:187,0
DA:189,37
DA:192,37
DA:199,0
DA:200,0
DA:201,0
DA:204,0
DA:211,0
DA:212,0
DA:223,0
DA:224,0
DA:225,0
DA:227,0
DA:228,0
DA:230,0
DA:238,161
DA:239,1114
DA:240,0
DA:242,1114
DA:243,820
DA:245,294
DA:255,62
DA:256,27
DA:260,35
DA:263,0
DA:266,35
DA:267,35
DA:268,33
DA:270,2
DA:271,0
DA:273,2
DA:274,2
DA:278,35
DA:279,2
DA:280,0
DA:282,2
DA:283,2
DA:287,35
DA:288,35
DA:292,35
DA:297,0
DA:299,0
DA:302,0
DA:305,0
DA:309,35
DA:310,0
DA:312,35
DA:317,35
DA:319,35
DA:320,0
DA:322,35
DA:334,35
DA:335,1
DA:337,35
DA:340,35
DA:341,35
DA:343,35
DA:344,35
DA:346,35
DA:353,3
DA:354,14
DA:355,14
DA:356,0
DA:358,14
DA:359,14
DA:362,0
DA:370,14
DA:377,35
DA:378,0
DA:379,0
DA:380,0
DA:382,0
LF:106
LH:65
BRDA:102,0,0,0
BRDA:102,0,1,62
BRDA:102,1,0,62
BRDA:102,1,1,60
BRDA:105,2,0,60
BRDA:105,2,1,2
BRDA:108,3,0,0
BRDA:108,3,1,2
BRDA:108,4,0,2
BRDA:108,4,1,0
BRDA:172,5,0,0
BRDA:172,5,1,37
BRDA:176,6,0,0
BRDA:176,6,1,37
BRDA:176,7,0,37
BRDA:176,7,1,37
BRDA:179,8,0,0
BRDA:179,8,1,37
BRDA:186,9,0,0
BRDA:186,9,1,37
BRDA:186,10,0,37
BRDA:186,10,1,0
BRDA:224,11,0,0
BRDA:224,11,1,0
BRDA:227,12,0,0
BRDA:227,12,1,0
BRDA:227,13,0,0
BRDA:227,13,1,0
BRDA:228,14,0,0
BRDA:228,14,1,0
BRDA:239,15,0,0
BRDA:239,15,1,1114
BRDA:242,16,0,820
BRDA:242,16,1,294
BRDA:242,17,0,1114
BRDA:242,17,1,1114
BRDA:255,18,0,27
BRDA:255,18,1,35
BRDA:255,19,0,62
BRDA:255,19,1,60
BRDA:255,19,2,60
BRDA:260,20,0,0
BRDA:260,20,1,35
BRDA:260,21,0,35
BRDA:260,21,1,33
BRDA:260,21,2,2
BRDA:260,21,3,0
BRDA:260,21,4,2
BRDA:260,21,5,2
BRDA:267,22,0,33
BRDA:267,22,1,2
BRDA:267,23,0,35
BRDA:267,23,1,33
BRDA:270,24,0,0
BRDA:270,24,1,2
BRDA:270,25,0,2
BRDA:270,25,1,0
BRDA:273,26,0,2
BRDA:273,26,1,0
BRDA:278,27,0,2
BRDA:278,27,1,33
BRDA:279,28,0,0
BRDA:279,28,1,2
BRDA:287,29,0,22
BRDA:287,29,1,13
BRDA:287,30,0,35
BRDA:287,30,1,35
BRDA:287,30,2,35
BRDA:288,31,0,3
BRDA:288,31,1,32
BRDA:292,32,0,0
BRDA:292,32,1,35
BRDA:299,33,0,0
BRDA:299,33,1,0
BRDA:309,34,0,0
BRDA:309,34,1,35
BRDA:319,35,0,0
BRDA:319,35,1,35
BRDA:334,36,0,1
BRDA:334,36,1,34
BRDA:340,37,0,35
BRDA:340,37,1,0
BRDA:340,38,0,35
BRDA:340,38,1,35
BRDA:340,38,2,35
BRDA:343,39,0,35
BRDA:343,39,1,0
BRDA:354,40,0,0
BRDA:354,40,1,0
BRDA:355,41,0,0
BRDA:355,41,1,14
BRDA:358,42,0,14
BRDA:358,42,1,0
BRDA:358,43,0,14
BRDA:358,43,1,14
BRDA:358,43,2,14
BRDA:378,44,0,0
BRDA:378,44,1,0
BRDA:379,45,0,0
BRDA:379,45,1,0
BRDA:379,46,0,0
BRDA:379,46,1,0
BRF:102
BRH:62
end_of_record
TN:
SF:/home/rampage/Desktop/work/repos/private/@rxdi/core/src/container/Token.ts
FN:10,(anonymous_0)
FNF:1
FNH:0
FNDA:0,(anonymous_0)
DA:5,7
DA:10,0
DA:15,7
LF:3
LH:2
BRF:0
BRH:0
end_of_record
TN:
SF:/home/rampage/Desktop/work/repos/private/@rxdi/core/src/container/index.ts
FNF:0
FNH:0
DA:3,4
DA:4,4
DA:5,4
DA:6,4
DA:7,4
DA:8,4
DA:9,4
DA:10,4
DA:11,4
DA:12,4
DA:13,4
DA:14,4
DA:15,4
LF:13
LH:13
BRF:0
BRH:0
end_of_record
TN:
SF:/home/rampage/Desktop/work/repos/private/@rxdi/core/src/container/decorators/Inject.ts
FN:24,Inject
FN:25,(anonymous_1)
FN:27,(anonymous_2)
FN:33,(anonymous_3)
FNF:4
FNH:0
FNDA:0,Inject
FNDA:0,(anonymous_1)
FNDA:0,(anonymous_2)
FNDA:0,(anonymous_3)
DA:1,4
DA:2,4
DA:3,4
DA:24,4
DA:25,0
DA:26,0
DA:27,0
DA:29,0
DA:35,0
DA:36,0
DA:38,0
DA:39,0
DA:42,0
DA:45,0
DA:46,0
DA:47,0
LF:16
LH:4
BRDA:26,0,0,0
BRDA:26,0,1,0
BRDA:35,1,0,0
BRDA:35,1,1,0
BRDA:38,2,0,0
BRDA:38,2,1,0
BRDA:45,3,0,0
BRDA:45,3,1,0
BRF:8
BRH:0
end_of_record
TN:
SF:/home/rampage/Desktop/work/repos/private/@rxdi/core/src/container/decorators/InjectMany.ts
FN:23,InjectMany
FN:24,(anonymous_1)
FN:27,(anonymous_2)
FN:33,(anonymous_3)
FNF:4
FNH:0
FNDA:0,InjectMany
FNDA:0,(anonymous_1)
FNDA:0,(anonymous_2)
FNDA:0,(anonymous_3)
DA:1,4
DA:2,4
DA:3,4
DA:23,4
DA:24,0
DA:26,0
DA:27,0
DA:29,0
DA:35,0
DA:36,0
DA:38,0
DA:39,0
DA:42,0
DA:45,0
DA:46,0
DA:48,0
LF:16
LH:4
BRDA:26,0,0,0
BRDA:26,0,1,0
BRDA:35,1,0,0
BRDA:35,1,1,0
BRDA:38,2,0,0
BRDA:38,2,1,0
BRDA:45,3,0,0
BRDA:45,3,1,0
BRF:8
BRH:0
end_of_record
TN:
SF:/home/rampage/Desktop/work/repos/private/@rxdi/core/src/container/decorators/Plugin.ts
FN:14,Plugin
FN:15,(anonymous_1)
FNF:2
FNH:0
FNDA:0,Plugin
FNDA:0,(anonymous_1)
DA:4,4
DA:5,4
DA:6,4
DA:14,4
DA:15,0
DA:16,0
DA:17,0
DA:19,0
DA:20,0
DA:21,0
DA:23,0
DA:33,0
DA:37,0
DA:38,0
DA:39,0
DA:40,0
DA:42,0
DA:43,0
DA:44,0
DA:45,0
DA:46,0
DA:47,0
DA:49,0
LF:23
LH:4
BRDA:20,0,0,0
BRDA:20,0,1,0
BRDA:24,1,0,0
BRDA:24,1,1,0
BRDA:24,1,2,0
BRDA:25,2,0,0
BRDA:25,2,1,0
BRDA:25,2,2,0
BRDA:26,3,0,0
BRDA:26,3,1,0
BRDA:37,4,0,0
BRDA:37,4,1,0
BRDA:37,5,0,0
BRDA:37,5,1,0
BRDA:39,6,0,0
BRDA:39,6,1,0
BRDA:42,7,0,0
BRDA:42,7,1,0
BRDA:46,8,0,0
BRDA:46,8,1,0
BRF:20
BRH:0
end_of_record
TN:
SF:/home/rampage/Desktop/work/repos/private/@rxdi/core/src/container/decorators/Service.ts
FN:36,Service
FN:37,(anonymous_1)
FNF:2
FNH:2
FNDA:33,Service
FNDA:33,(anonymous_1)
DA:2,7
DA:4,7
DA:5,7
DA:36,7
DA:37,33
DA:39,33
DA:40,33
DA:41,33
DA:43,33
DA:58,33
DA:62,33
DA:63,0
DA:64,0
DA:65,0
DA:66,0
DA:68,33
DA:69,0
DA:70,0
DA:71,0
DA:72,0
DA:73,0
DA:76,33
LF:22
LH:13
BRDA:40,0,0,33
BRDA:40,0,1,0
BRDA:44,1,0,33
BRDA:44,1,1,0
BRDA:44,1,2,33
BRDA:45,2,0,33
BRDA:45,2,1,0
BRDA:45,2,2,33
BRDA:46,3,0,33
BRDA:46,3,1,33
BRDA:62,4,0,0
BRDA:62,4,1,33
BRDA:62,5,0,33
BRDA:62,5,1,33
BRDA:65,6,0,0
BRDA:65,6,1,0
BRDA:68,7,0,0
BRDA:68,7,1,33
BRDA:72,8,0,0
BRDA:72,8,1,0
BRF:20
BRH:11
end_of_record
TN:
SF:/home/rampage/Desktop/work/repos/private/@rxdi/core/src/container/error/CannotInjectError.ts
FN:7,(anonymous_0)
FNF:1
FNH:0
FNDA:0,(anonymous_0)
DA:4,4
DA:5,0
DA:8,0
DA:12,0
LF:4
LH:1
BRF:0
BRH:0
end_of_record
TN:
SF:/home/rampage/Desktop/work/repos/private/@rxdi/core/src/container/error/MissingProvidedServiceTypeError.ts
FN:7,(anonymous_0)
FNF:1
FNH:0
FNDA:0,(anonymous_0)
DA:4,7
DA:5,0
DA:8,0
DA:9,0
LF:4
LH:1
BRF:0
BRH:0
end_of_record
TN:
SF:/home/rampage/Desktop/work/repos/private/@rxdi/core/src/container/error/ServiceNotFoundError.ts
FN:10,(anonymous_0)
FNF:1
FNH:0
FNDA:0,(anonymous_0)
DA:2,7
DA:7,7
DA:8,0
DA:11,0
DA:13,0
DA:14,0
DA:17,0
DA:18,0
DA:21,0
DA:22,0
DA:26,0
LF:11
LH:2
BRDA:13,0,0,0
BRDA:13,0,1,0
BRDA:17,1,0,0
BRDA:17,1,1,0
BRDA:17,2,0,0
BRDA:17,2,1,0
BRDA:21,3,0,0
BRDA:21,3,1,0
BRF:8
BRH:0
end_of_record
TN:
SF:/home/rampage/Desktop/work/repos/private/@rxdi/core/src/container/types/hooks/index.ts
FNF:0
FNH:0
DA:1,4
DA:2,4
LF:2
LH:2
BRF:0
BRH:0
end_of_record
TN:
SF:/home/rampage/Desktop/work/repos/private/@rxdi/core/src/decorators/controller/controller.decorator.ts
FN:5,Controller
FN:6,(anonymous_1)
FNF:2
FNH:2
FNDA:2,Controller
FNDA:2,(anonymous_1)
DA:1,2
DA:3,2
DA:5,2
DA:6,2
DA:8,2
DA:9,2
DA:10,2
DA:12,2
DA:24,2
DA:28,2
LF:10
LH:10
BRDA:9,0,0,2
BRDA:9,0,1,0
BRDA:16,1,0,2
BRDA:16,1,1,2
BRF:4
BRH:3
end_of_record
TN:
SF:/home/rampage/Desktop/work/repos/private/@rxdi/core/src/decorators/effect/effect.decorator.ts
FN:5,Effect
FN:6,(anonymous_1)
FNF:2
FNH:2
FNDA:1,Effect
FNDA:1,(anonymous_1)
DA:1,1
DA:3,1
DA:5,1
DA:6,1
DA:8,1
DA:9,1
DA:10,1
DA:12,1
DA:24,1
DA:28,1
LF:10
LH:10
BRDA:9,0,0,1
BRDA:9,0,1,0
BRDA:16,1,0,1
BRDA:16,1,1,1
BRF:4
BRH:3
end_of_record
TN:
SF:/home/rampage/Desktop/work/repos/private/@rxdi/core/src/decorators/injector/injector.decorator.ts
FN:3,Injector
FN:4,(anonymous_1)
FNF:2
FNH:2
FNDA:29,Injector
FNDA:29,(anonymous_1)
DA:1,3
DA:3,3
DA:4,29
DA:5,29
DA:6,29
LF:5
LH:5
BRF:0
BRH:0
end_of_record
TN:
SF:/home/rampage/Desktop/work/repos/private/@rxdi/core/src/decorators/module/module.decorator.ts
FN:16,Module
FN:18,(anonymous_1)
FN:42,(anonymous_2)
FN:51,(anonymous_3)
FN:57,(anonymous_4)
FNF:5
FNH:2
FNDA:1,Module
FNDA:1,(anonymous_1)
FNDA:0,(anonymous_2)
FNDA:0,(anonymous_3)
FNDA:0,(anonymous_4)
DA:1,1
DA:2,1
DA:3,1
DA:4,1
DA:5,1
DA:7,1
DA:8,1
DA:10,1
DA:11,1
DA:12,1
DA:13,1
DA:14,1
DA:16,1
DA:18,1
DA:19,1
DA:20,1
DA:21,1
DA:22,1
DA:23,1
DA:24,1
DA:29,1
DA:30,1
DA:32,1
DA:34,1
DA:42,1
DA:43,0
DA:44,0
DA:47,1
DA:49,1
DA:51,0
DA:54,1
DA:55,0
DA:56,0
DA:57,0
DA:58,0
DA:60,0
DA:61,0
DA:64,0
DA:65,0
DA:68,0
DA:69,0
DA:72,0
DA:73,0
DA:76,0
DA:77,0
DA:80,0
DA:81,0
DA:84,0
DA:85,0
DA:88,0
DA:89,0
DA:92,0
DA:93,0
DA:96,0
DA:100,1
DA:104,1
DA:105,1
LF:57
LH:31
BRDA:19,0,0,1
BRDA:19,0,1,0
BRDA:21,1,0,1
BRDA:21,1,1,0
BRDA:29,2,0,1
BRDA:29,2,1,0
BRDA:54,3,0,0
BRDA:54,3,1,1
BRDA:60,4,0,0
BRDA:60,4,1,0
BRDA:64,5,0,0
BRDA:64,5,1,0
BRDA:68,6,0,0
BRDA:68,6,1,0
BRDA:72,7,0,0
BRDA:72,7,1,0
BRDA:76,8,0,0
BRDA:76,8,1,0
BRDA:80,9,0,0
BRDA:80,9,1,0
BRDA:84,10,0,0
BRDA:84,10,1,0
BRDA:88,11,0,0
BRDA:88,11,1,0
BRDA:92,12,0,0
BRDA:92,12,1,0
BRDA:96,13,0,0
BRDA:96,13,1,0
BRF:28
BRH:4
end_of_record
TN:
SF:/home/rampage/Desktop/work/repos/private/@rxdi/core/src/helpers/bootstrap.ts
FN:13,(anonymous_0)
FN:14,(anonymous_1)
FN:15,(anonymous_2)
FN:17,(anonymous_3)
FNF:4
FNH:0
FNDA:0,(anonymous_0)
FNDA:0,(anonymous_1)
FNDA:0,(anonymous_2)
FNDA:0,(anonymous_3)
DA:1,1
DA:2,1
DA:3,1
DA:5,1
DA:9,1
DA:11,1
DA:13,1
DA:14,1
DA:15,1
DA:16,0
DA:17,0
DA:18,0
LF:12
LH:9
BRF:0
BRH:0
end_of_record
TN:
SF:/home/rampage/Desktop/work/repos/private/@rxdi/core/src/helpers/create-unique-hash.ts
FN:3,createUniqueHash
FNF:1
FNH:1
FNDA:38,createUniqueHash
DA:1,7
DA:3,7
DA:4,38
LF:3
LH:3
BRF:0
BRH:0
end_of_record
TN:
SF:/home/rampage/Desktop/work/repos/private/@rxdi/core/src/helpers/events.ts
FN:2,strEnum
FN:3,(anonymous_1)
FNF:2
FNH:2
FNDA:2,strEnum
FNDA:5,(anonymous_1)
DA:3,2
DA:4,5
DA:5,5
DA:8,1
DA:11,1
LF:5
LH:5
BRF:0
BRH:0
end_of_record
TN:
SF:/home/rampage/Desktop/work/repos/private/@rxdi/core/src/helpers/exit-handler.ts
FN:6,(anonymous_0)
FNF:1
FNH:1
FNDA:1,(anonymous_0)
DA:3,1
DA:4,1
DA:6,1
DA:7,1
DA:8,1
DA:11,1
DA:13,1
DA:15,1
DA:16,1
DA:18,1
LF:10
LH:10
BRF:0
BRH:0
end_of_record
TN:
SF:/home/rampage/Desktop/work/repos/private/@rxdi/core/src/helpers/generic-constructor.ts
FN:7,GenericConstruct
FN:8,construct
FNF:2
FNH:0
FNDA:0,GenericConstruct
FNDA:0,construct
DA:1,1
DA:2,1
DA:4,1
DA:5,1
DA:7,1
DA:8,0
DA:10,0
DA:11,0
DA:15,0
DA:16,0
DA:19,0
DA:20,0
DA:23,0
DA:24,0
DA:27,0
DA:28,0
DA:31,0
DA:32,0
DA:35,0
DA:36,0
DA:39,0
DA:40,0
DA:43,0
DA:44,0
DA:47,0
DA:48,0
DA:51,0
DA:53,0
LF:28
LH:5
BRDA:10,0,0,0
BRDA:10,0,1,0
BRDA:15,1,0,0
BRDA:15,1,1,0
BRDA:19,2,0,0
BRDA:19,2,1,0
BRDA:23,3,0,0
BRDA:23,3,1,0
BRDA:27,4,0,0
BRDA:27,4,1,0
BRDA:31,5,0,0
BRDA:31,5,1,0
BRDA:35,6,0,0
BRDA:35,6,1,0
BRDA:39,7,0,0
BRDA:39,7,1,0
BRDA:43,8,0,0
BRDA:43,8,1,0
BRDA:47,9,0,0
BRDA:47,9,1,0
BRF:20
BRH:0
end_of_record
TN:
SF:/home/rampage/Desktop/work/repos/private/@rxdi/core/src/helpers/index.ts
FNF:0
FNH:0
DA:1,1
DA:2,1
DA:3,1
LF:3
LH:3
BRF:0
BRH:0
end_of_record
TN:
SF:/home/rampage/Desktop/work/repos/private/@rxdi/core/src/services/index.ts
FNF:0
FNH:0
DA:1,1
DA:2,1
DA:3,1
DA:4,1
DA:5,1
DA:6,1
DA:7,1
DA:8,1
DA:9,1
DA:10,1
DA:11,1
DA:12,1
DA:13,1
DA:14,1
DA:15,1
DA:16,1
DA:17,1
DA:18,1
DA:19,1
LF:19
LH:19
BRF:0
BRH:0
end_of_record
TN:
SF:/home/rampage/Desktop/work/repos/private/@rxdi/core/src/services/after-starter/after-starter.service.ts
FN:4,(anonymous_1)
FNF:1
FNH:1
FNDA:1,(anonymous_1)
DA:1,1
DA:2,1
DA:5,1
DA:6,1
LF:4
LH:4
BRF:0
BRH:0
end_of_record
TN:
SF:/home/rampage/Desktop/work/repos/private/@rxdi/core/src/services/bootstrap/bootstrap.service.ts
FN:29,(anonymous_8)
FN:46,(anonymous_9)
FN:52,(anonymous_10)
FN:52,(anonymous_11)
FN:53,(anonymous_12)
FN:56,(anonymous_13)
FN:57,(anonymous_14)
FN:58,(anonymous_15)
FN:59,(anonymous_16)
FN:60,(anonymous_17)
FN:61,(anonymous_18)
FN:62,(anonymous_19)
FN:63,(anonymous_20)
FN:64,(anonymous_21)
FN:65,(anonymous_22)
FN:66,(anonymous_23)
FN:67,(anonymous_24)
FN:72,(anonymous_25)
FN:83,(anonymous_26)
FN:84,(anonymous_27)
FN:91,(anonymous_28)
FN:91,(anonymous_29)
FN:95,(anonymous_30)
FN:96,(anonymous_31)
FN:103,(anonymous_32)
FN:103,(anonymous_33)
FN:107,(anonymous_34)
FN:111,(anonymous_35)
FN:111,(anonymous_36)
FN:115,(anonymous_37)
FN:116,(anonymous_38)
FN:123,(anonymous_39)
FN:123,(anonymous_40)
FN:127,(anonymous_41)
FN:128,(anonymous_42)
FN:135,(anonymous_43)
FN:135,(anonymous_44)
FN:139,(anonymous_45)
FN:140,(anonymous_46)
FN:147,(anonymous_47)
FN:147,(anonymous_48)
FN:151,(anonymous_49)
FN:152,(anonymous_50)
FN:159,(anonymous_51)
FN:159,(anonymous_52)
FN:163,(anonymous_53)
FN:164,(anonymous_54)
FN:171,(anonymous_55)
FN:171,(anonymous_56)
FN:175,(anonymous_57)
FN:181,(anonymous_59)
FN:192,(anonymous_60)
FN:196,(anonymous_61)
FN:200,(anonymous_62)
FN:204,(anonymous_63)
FN:207,(anonymous_64)
FNF:56
FNH:1
FNDA:1,(anonymous_8)
FNDA:0,(anonymous_9)
FNDA:0,(anonymous_10)
FNDA:0,(anonymous_11)
FNDA:0,(anonymous_12)
FNDA:0,(anonymous_13)
FNDA:0,(anonymous_14)
FNDA:0,(anonymous_15)
FNDA:0,(anonymous_16)
FNDA:0,(anonymous_17)
FNDA:0,(anonymous_18)
FNDA:0,(anonymous_19)
FNDA:0,(anonymous_20)
FNDA:0,(anonymous_21)
FNDA:0,(anonymous_22)
FNDA:0,(anonymous_23)
FNDA:0,(anonymous_24)
FNDA:0,(anonymous_25)
FNDA:0,(anonymous_26)
FNDA:0,(anonymous_27)
FNDA:0,(anonymous_28)
FNDA:0,(anonymous_29)
FNDA:0,(anonymous_30)
FNDA:0,(anonymous_31)
FNDA:0,(anonymous_32)
FNDA:0,(anonymous_33)
FNDA:0,(anonymous_34)
FNDA:0,(anonymous_35)
FNDA:0,(anonymous_36)
FNDA:0,(anonymous_37)
FNDA:0,(anonymous_38)
FNDA:0,(anonymous_39)
FNDA:0,(anonymous_40)
FNDA:0,(anonymous_41)
FNDA:0,(anonymous_42)
FNDA:0,(anonymous_43)
FNDA:0,(anonymous_44)
FNDA:0,(anonymous_45)
FNDA:0,(anonymous_46)
FNDA:0,(anonymous_47)
FNDA:0,(anonymous_48)
FNDA:0,(anonymous_49)
FNDA:0,(anonymous_50)
FNDA:0,(anonymous_51)
FNDA:0,(anonymous_52)
FNDA:0,(anonymous_53)
FNDA:0,(anonymous_54)
FNDA:0,(anonymous_55)
FNDA:0,(anonymous_56)
FNDA:0,(anonymous_57)
FNDA:0,(anonymous_59)
FNDA:0,(anonymous_60)
FNDA:0,(anonymous_61)
FNDA:0,(anonymous_62)
FNDA:0,(anonymous_63)
FNDA:0,(anonymous_64)
DA:2,1
DA:3,1
DA:4,1
DA:5,1
DA:6,1
DA:7,1
DA:8,1
DA:9,1
DA:11,1
DA:13,1
DA:14,1
DA:15,1
DA:16,1
DA:17,1
DA:18,1
DA:19,1
DA:22,1
DA:25,1
DA:26,1
DA:30,1
DA:31,1
DA:32,1
DA:33,1
DA:34,1
DA:35,1
DA:36,1
DA:37,1
DA:38,1
DA:39,1
DA:40,1
DA:41,1
DA:43,1
DA:47,0
DA:48,0
DA:49,0
DA:50,0
DA:52,0
DA:53,0
DA:56,0
DA:57,0
DA:58,0
DA:59,0
DA:60,0
DA:61,0
DA:62,0
DA:63,0
DA:64,0
DA:65,0
DA:66,0
DA:67,0
DA:79,0
DA:80,0
DA:84,0
DA:87,0
DA:91,0
DA:96,0
DA:99,0
DA:103,0
DA:108,0
DA:111,0
DA:116,0
DA:119,0
DA:123,0
DA:128,0
DA:131,0
DA:135,0
DA:140,0
DA:143,0
DA:147,0
DA:152,0
DA:155,0
DA:159,0
DA:164,0
DA:167,0
DA:171,0
DA:176,0
DA:177,0
DA:178,0
DA:182,0
DA:183,0
DA:184,0
DA:189,0
DA:193,0
DA:198,0
DA:199,0
DA:200,0
DA:201,0
DA:205,0
DA:206,0
DA:207,0
DA:209,0
LF:91
LH:32
BRDA:84,0,0,0
BRDA:84,0,1,0
BRDA:84,0,2,0
BRDA:84,0,3,0
BRDA:96,1,0,0
BRDA:96,1,1,0
BRDA:96,1,2,0
BRDA:96,1,3,0
BRDA:116,2,0,0
BRDA:116,2,1,0
BRDA:116,2,2,0
BRDA:116,2,3,0
BRDA:128,3,0,0
BRDA:128,3,1,0
BRDA:128,3,2,0
BRDA:128,3,3,0
BRDA:140,4,0,0
BRDA:140,4,1,0
BRDA:140,4,2,0
BRDA:140,4,3,0
BRDA:152,5,0,0
BRDA:152,5,1,0
BRDA:152,5,2,0
BRDA:152,5,3,0
BRDA:164,6,0,0
BRDA:164,6,1,0
BRDA:164,6,2,0
BRDA:164,6,3,0
BRDA:182,7,0,0
BRDA:182,7,1,0
BRDA:30,8,0,1
BRDA:30,8,1,0
BRDA:30,9,0,1
BRDA:30,10,0,1
BRDA:30,10,1,1
BRDA:30,10,2,0
BRDA:30,11,0,1
BRDA:30,11,1,1
BRDA:31,12,0,1
BRDA:31,12,1,1
BRDA:31,12,2,0
BRDA:31,13,0,1
BRDA:31,13,1,1
BRDA:32,14,0,1
BRDA:32,14,1,1
BRDA:32,14,2,0
BRDA:32,15,0,1
BRDA:32,15,1,1
BRDA:33,16,0,1
BRDA:33,16,1,1
BRDA:33,16,2,0
BRDA:33,17,0,1
BRDA:33,17,1,1
BRDA:34,18,0,1
BRDA:34,18,1,1
BRDA:34,18,2,0
BRDA:34,19,0,1
BRDA:34,19,1,1
BRDA:35,20,0,1
BRDA:35,20,1,1
BRDA:35,20,2,0
BRDA:35,21,0,1
BRDA:35,21,1,1
BRDA:36,22,0,1
BRDA:36,22,1,1
BRDA:36,22,2,0
BRDA:36,23,0,1
BRDA:36,23,1,1
BRDA:37,24,0,1
BRDA:37,24,1,1
BRDA:37,24,2,0
BRDA:37,25,0,1
BRDA:37,25,1,1
BRDA:38,26,0,1
BRDA:38,26,1,1
BRDA:38,26,2,0
BRDA:38,27,0,1
BRDA:38,27,1,1
BRDA:39,28,0,1
BRDA:39,28,1,1
BRDA:39,28,2,0
BRDA:39,29,0,1
BRDA:39,29,1,1
BRDA:40,30,0,1
BRDA:40,30,1,1
BRDA:40,30,2,0
BRDA:40,31,0,1
BRDA:40,31,1,1
BRF:88
BRH:46
end_of_record
TN:
SF:/home/rampage/Desktop/work/repos/private/@rxdi/core/src/services/bootstrap-logger/bootstrap-logger.ts
FN:10,(anonymous_2)
FN:18,(anonymous_3)
FN:22,(anonymous_4)
FN:28,(anonymous_5)
FN:36,(anonymous_6)
FN:43,(anonymous_7)
FN:51,(anonymous_8)
FNF:7
FNH:1
FNDA:0,(anonymous_2)
FNDA:0,(anonymous_3)
FNDA:1,(anonymous_4)
FNDA:0,(anonymous_5)
FNDA:0,(anonymous_6)
FNDA:0,(anonymous_7)
FNDA:0,(anonymous_8)
DA:1,2
DA:2,2
DA:3,2
DA:6,2
DA:8,2
DA:11,0
DA:12,0
DA:13,0
DA:14,0
DA:19,0
DA:23,1
DA:24,0
DA:29,0
DA:30,0
DA:32,0
DA:37,0
DA:38,0
DA:39,0
DA:44,0
DA:45,0
DA:47,0
DA:52,0
DA:53,0
DA:55,0
LF:24
LH:6
BRDA:11,0,0,0
BRDA:11,0,1,0
BRDA:23,1,0,0
BRDA:23,1,1,1
BRDA:29,2,0,0
BRDA:29,2,1,0
BRDA:37,3,0,0
BRDA:37,3,1,0
BRDA:44,4,0,0
BRDA:44,4,1,0
BRDA:52,5,0,0
BRDA:52,5,1,0
BRDA:8,6,0,2
BRDA:8,6,1,0
BRDA:8,7,0,2
BRF:15
BRH:3
end_of_record
TN:
SF:/home/rampage/Desktop/work/repos/private/@rxdi/core/src/services/bootstrap-logger/index.ts
FNF:0
FNH:0
DA:1,2
LF:1
LH:1
BRF:0
BRH:0
end_of_record
TN:
SF:/home/rampage/Desktop/work/repos/private/@rxdi/core/src/services/bootstraps/bootstraps.service.ts
FN:4,(anonymous_1)
FN:9,(anonymous_2)
FN:13,(anonymous_3)
FNF:3
FNH:1
FNDA:1,(anonymous_1)
FNDA:0,(anonymous_2)
FNDA:0,(anonymous_3)
DA:1,1
DA:2,1
DA:5,1
DA:7,1
DA:10,0
DA:14,0
LF:6
LH:4
BRF:0
BRH:0
end_of_record
TN:
SF:/home/rampage/Desktop/work/repos/private/@rxdi/core/src/services/bootstraps/index.ts
FNF:0
FNH:0
DA:1,1
LF:1
LH:1
BRF:0
BRH:0
end_of_record
TN:
SF:/home/rampage/Desktop/work/repos/private/@rxdi/core/src/services/cache/cache-layer.interfaces.ts
FN:8,(anonymous_0)
FNF:1
FNH:0
FNDA:0,(anonymous_0)
DA:8,1
DA:9,0
DA:10,0
DA:11,0
DA:12,0
LF:5
LH:1
BRF:0
BRH:0
end_of_record
TN:
SF:/home/rampage/Desktop/work/repos/private/@rxdi/core/src/services/cache/cache-layer.service.ts
FN:17,(anonymous_2)
FN:25,(anonymous_3)
FN:29,(anonymous_4)
FN:37,(anonymous_5)
FN:40,(anonymous_6)
FN:52,(anonymous_7)
FN:54,(anonymous_8)
FN:59,(anonymous_9)
FN:69,(anonymous_10)
FN:69,(anonymous_11)
FN:70,(anonymous_12)
FN:75,(anonymous_13)
FN:76,(anonymous_14)
FN:80,(anonymous_15)
FN:98,(anonymous_16)
FN:102,(anonymous_17)
FN:105,(anonymous_18)
FN:120,(anonymous_19)
FN:124,(anonymous_20)
FN:127,(anonymous_21)
FN:151,(anonymous_22)
FN:165,(anonymous_23)
FN:172,(anonymous_24)
FN:174,(anonymous_25)
FN:179,(anonymous_26)
FN:181,(anonymous_27)
FN:184,(anonymous_28)
FN:187,(anonymous_29)
FN:189,(anonymous_30)
FN:192,(anonymous_31)
FN:195,(anonymous_32)
FN:197,(anonymous_33)
FN:203,(anonymous_34)
FN:208,(anonymous_35)
FN:209,(anonymous_36)
FN:210,(anonymous_37)
FN:211,(anonymous_38)
FNF:37
FNH:6
FNDA:1,(anonymous_2)
FNDA:3,(anonymous_3)
FNDA:2,(anonymous_4)
FNDA:0,(anonymous_5)
FNDA:0,(anonymous_6)
FNDA:0,(anonymous_7)
FNDA:0,(anonymous_8)
FNDA:0,(anonymous_9)
FNDA:0,(anonymous_10)
FNDA:0,(anonymous_11)
FNDA:0,(anonymous_12)
FNDA:0,(anonymous_13)
FNDA:0,(anonymous_14)
FNDA:0,(anonymous_15)
FNDA:0,(anonymous_16)
FNDA:0,(anonymous_17)
FNDA:0,(anonymous_18)
FNDA:0,(anonymous_19)
FNDA:0,(anonymous_20)
FNDA:0,(anonymous_21)
FNDA:3,(anonymous_22)
FNDA:3,(anonymous_23)
FNDA:3,(anonymous_24)
FNDA:0,(anonymous_25)
FNDA:0,(anonymous_26)
FNDA:0,(anonymous_27)
FNDA:0,(anonymous_28)
FNDA:0,(anonymous_29)
FNDA:0,(anonymous_30)
FNDA:0,(anonymous_31)
FNDA:0,(anonymous_32)
FNDA:0,(anonymous_33)
FNDA:0,(anonymous_34)
FNDA:0,(anonymous_35)
FNDA:0,(anonymous_36)
FNDA:0,(anonymous_37)
FNDA:0,(anonymous_38)
DA:1,1
DA:2,1
DA:3,1
DA:5,1
DA:6,1
DA:8,1
DA:10,1
DA:15,1
DA:18,1
DA:21,1
DA:22,1
DA:23,1
DA:26,3
DA:30,2
DA:31,2
DA:32,1
DA:34,1
DA:38,0
DA:39,0
DA:40,0
DA:41,0
DA:42,0
DA:44,0
DA:45,0
DA:49,0
DA:53,0
DA:54,0
DA:56,0
DA:58,0
DA:59,0
DA:60,0
DA:61,0
DA:63,0
DA:65,0
DA:66,0
DA:67,0
DA:68,0
DA:69,0
DA:70,0
DA:75,0
DA:77,0
DA:78,0
DA:80,0
DA:81,0
DA:82,0
DA:83,0
DA:84,0
DA:95,0
DA:100,0
DA:101,0
DA:103,0
DA:104,0
DA:105,0
DA:106,0
DA:107,0
DA:109,0
DA:113,0
DA:114,0
DA:117,0
DA:122,0
DA:123,0
DA:124,0
DA:125,0
DA:126,0
DA:127,0
DA:128,0
DA:129,0
DA:131,0
DA:134,0
DA:135,0
DA:137,0
DA:138,0
DA:148,0
DA:152,3
DA:153,3
DA:154,0
DA:156,3
DA:157,3
DA:158,3
DA:159,3
DA:160,3
DA:161,3
DA:162,3
DA:166,3
DA:167,3
DA:168,0
DA:173,3
DA:174,3
DA:175,0
DA:180,0
DA:181,0
DA:184,0
DA:188,0
DA:189,0
DA:193,0
DA:194,0
DA:195,0
DA:196,0
DA:197,0
DA:198,0
DA:200,0
DA:205,0
DA:209,0
DA:210,0
DA:211,0
DA:212,0
LF:106
LH:30
BRDA:31,0,0,1
BRDA:31,0,1,1
BRDA:41,1,0,0
BRDA:41,1,1,0
BRDA:41,2,0,0
BRDA:41,2,1,0
BRDA:44,3,0,0
BRDA:44,3,1,0
BRDA:44,4,0,0
BRDA:44,4,1,0
BRDA:44,4,2,0
BRDA:60,5,0,0
BRDA:60,5,1,0
BRDA:60,6,0,0
BRDA:60,6,1,0
BRDA:60,6,2,0
BRDA:67,7,0,0
BRDA:67,7,1,0
BRDA:77,8,0,0
BRDA:77,8,1,0
BRDA:81,9,0,0
BRDA:81,9,1,0
BRDA:106,10,0,0
BRDA:106,10,1,0
BRDA:106,11,0,0
BRDA:106,11,1,0
BRDA:106,11,2,0
BRDA:113,12,0,0
BRDA:113,12,1,0
BRDA:128,13,0,0
BRDA:128,13,1,0
BRDA:128,14,0,0
BRDA:128,14,1,0
BRDA:128,14,2,0
BRDA:134,15,0,0
BRDA:134,15,1,0
BRDA:153,16,0,0
BRDA:153,16,1,3
BRDA:156,17,0,3
BRDA:156,17,1,3
BRDA:157,18,0,3
BRDA:157,18,1,3
BRDA:167,19,0,0
BRDA:167,19,1,3
BRDA:167,20,0,3
BRDA:167,20,1,3
BRDA:182,21,0,0
BRDA:182,21,1,0
BRDA:18,22,0,1
BRDA:18,22,1,0
BRDA:18,23,0,1
BRF:51
BRH:12
end_of_record
TN:
SF:/home/rampage/Desktop/work/repos/private/@rxdi/core/src/services/cache/cache-layer.ts
FN:16,(anonymous_0)
FN:12,(anonymous_1)
FN:22,(anonymous_2)
FN:28,(anonymous_3)
FN:29,(anonymous_4)
FN:32,(anonymous_5)
FN:38,(anonymous_6)
FN:46,(anonymous_7)
FN:49,(anonymous_8)
FN:55,(anonymous_9)
FN:57,(anonymous_10)
FN:60,(anonymous_11)
FN:63,(anonymous_12)
FN:64,(anonymous_13)
FN:69,(anonymous_14)
FN:72,(anonymous_15)
FN:73,(anonymous_16)
FN:77,(anonymous_17)
FN:80,(anonymous_18)
FN:81,(anonymous_19)
FNF:20
FNH:7
FNDA:3,(anonymous_0)
FNDA:2,(anonymous_1)
FNDA:3,(anonymous_2)
FNDA:0,(anonymous_3)
FNDA:0,(anonymous_4)
FNDA:2,(anonymous_5)
FNDA:0,(anonymous_6)
FNDA:2,(anonymous_7)
FNDA:0,(anonymous_8)
FNDA:0,(anonymous_9)
FNDA:0,(anonymous_10)
FNDA:0,(anonymous_11)
FNDA:0,(anonymous_12)
FNDA:0,(anonymous_13)
FNDA:1,(anonymous_14)
FNDA:1,(anonymous_15)
FNDA:0,(anonymous_16)
FNDA:0,(anonymous_17)
FNDA:0,(anonymous_18)
FNDA:0,(anonymous_19)
DA:2,1
DA:3,1
DA:5,1
DA:7,3
DA:10,3
DA:13,2
DA:17,3
DA:18,3
DA:19,3
DA:23,3
DA:24,0
DA:29,0
DA:33,2
DA:34,0
DA:39,0
DA:40,0
DA:42,0
DA:47,2
DA:48,2
DA:49,2
DA:50,2
DA:51,2
DA:52,2
DA:56,0
DA:57,0
DA:60,0
DA:64,0
DA:65,0
DA:66,0
DA:70,1
DA:72,1
DA:73,0
DA:78,0
DA:81,0
DA:82,0
LF:35
LH:19
BRDA:23,0,0,0
BRDA:23,0,1,3
BRDA:33,1,0,0
BRDA:33,1,1,2
BRDA:39,2,0,0
BRDA:39,2,1,0
BRF:6
BRH:2
end_of_record
TN:
SF:/home/rampage/Desktop/work/repos/private/@rxdi/core/src/services/cache/index.ts
FNF:0
FNH:0
DA:1,1
DA:2,1
DA:3,1
LF:3
LH:3
BRF:0
BRH:0
end_of_record
TN:
SF:/home/rampage/Desktop/work/repos/private/@rxdi/core/src/services/components/components.service.ts
FN:4,(anonymous_1)
FN:9,(anonymous_2)
FN:13,(anonymous_3)
FNF:3
FNH:1
FNDA:1,(anonymous_1)
FNDA:0,(anonymous_2)
FNDA:0,(anonymous_3)
DA:1,1
DA:2,1
DA:5,1
DA:7,1
DA:10,0
DA:14,0
LF:6
LH:4
BRF:0
BRH:0
end_of_record
TN:
SF:/home/rampage/Desktop/work/repos/private/@rxdi/core/src/services/components/index.ts
FNF:0
FNH:0
DA:1,1
LF:1
LH:1
BRF:0
BRH:0
end_of_record
TN:
SF:/home/rampage/Desktop/work/repos/private/@rxdi/core/src/services/compression/compression.service.ts
FN:15,(anonymous_2)
FN:17,(anonymous_3)
FN:22,(anonymous_4)
FN:23,(anonymous_5)
FN:27,(anonymous_6)
FN:29,(anonymous_7)
FN:34,(anonymous_8)
FN:35,(anonymous_9)
FNF:8
FNH:0
FNDA:0,(anonymous_2)
FNDA:0,(anonymous_3)
FNDA:0,(anonymous_4)
FNDA:0,(anonymous_5)
FNDA:0,(anonymous_6)
FNDA:0,(anonymous_7)
FNDA:0,(anonymous_8)
FNDA:0,(anonymous_9)
DA:1,2
DA:2,2
DA:4,2
DA:5,2
DA:6,2
DA:7,2
DA:8,2
DA:11,2
DA:13,2
DA:16,0
DA:17,0
DA:18,0
DA:22,0
DA:23,0
DA:28,0
DA:29,0
DA:30,0
DA:34,0
DA:35,0
LF:19
LH:9
BRDA:15,0,0,0
BRDA:16,1,0,0
BRDA:16,1,1,0
BRDA:27,2,0,0
BRDA:28,3,0,0
BRDA:28,3,1,0
BRDA:13,4,0,2
BRDA:13,4,1,0
BRDA:13,5,0,2
BRF:9
BRH:2
end_of_record
TN:
SF:/home/rampage/Desktop/work/repos/private/@rxdi/core/src/services/compression/index.ts
FNF:0
FNH:0
DA:1,1
LF:1
LH:1
BRF:0
BRH:0
end_of_record
TN:
SF:/home/rampage/Desktop/work/repos/private/@rxdi/core/src/services/config/config.model.ts
FN:1,(anonymous_0)
FN:29,(anonymous_1)
FNF:2
FNH:2
FNDA:2,(anonymous_0)
FNDA:2,(anonymous_1)
DA:1,2
DA:2,2
DA:3,2
DA:4,2
DA:5,2
DA:6,2
DA:9,2
DA:15,2
DA:19,2
DA:29,2
DA:30,2
DA:31,2
DA:32,2
DA:33,2
LF:14
LH:14
BRDA:2,0,0,0
BRDA:2,0,1,2
BRF:2
BRH:1
end_of_record
TN:
SF:/home/rampage/Desktop/work/repos/private/@rxdi/core/src/services/config/config.service.ts
FN:4,(anonymous_1)
FN:7,(anonymous_2)
FNF:2
FNH:1
FNDA:2,(anonymous_1)
FNDA:0,(anonymous_2)
DA:1,2
DA:2,2
DA:5,2
DA:6,2
DA:8,0
LF:5
LH:4
BRF:0
BRH:0
end_of_record
TN:
SF:/home/rampage/Desktop/work/repos/private/@rxdi/core/src/services/config/index.ts
FNF:0
FNH:0
DA:1,2
DA:2,2
LF:2
LH:2
BRF:0
BRH:0
end_of_record
TN:
SF:/home/rampage/Desktop/work/repos/private/@rxdi/core/src/services/constructor-watcher/constructor-watcher.ts
FN:3,(anonymous_0)
FN:6,(anonymous_1)
FN:10,(anonymous_2)
FN:14,(anonymous_3)
FN:24,(anonymous_4)
FNF:5
FNH:5
FNDA:7,(anonymous_0)
FNDA:35,(anonymous_1)
FNDA:2,(anonymous_2)
FNDA:35,(anonymous_3)
FNDA:2,(anonymous_4)
DA:3,7
DA:4,7
DA:7,35
DA:11,2
DA:15,35
DA:16,0
DA:19,35
DA:20,35
DA:25,2
DA:26,2
DA:27,2
DA:34,7
LF:12
LH:11
BRDA:15,0,0,0
BRDA:15,0,1,35
BRDA:26,1,0,2
BRDA:26,1,1,0
BRDA:26,2,0,2
BRDA:26,2,1,2
BRF:6
BRH:4
end_of_record
TN:
SF:/home/rampage/Desktop/work/repos/private/@rxdi/core/src/services/constructor-watcher/index.ts
FNF:0
FNH:0
DA:1,7
LF:1
LH:1
BRF:0
BRH:0
end_of_record
TN:
SF:/home/rampage/Desktop/work/repos/private/@rxdi/core/src/services/controllers/controllers.service.ts
FN:4,(anonymous_1)
FN:9,(anonymous_2)
FN:13,(anonymous_3)
FNF:3
FNH:3
FNDA:2,(anonymous_1)
FNDA:1,(anonymous_2)
FNDA:1,(anonymous_3)
DA:1,2
DA:2,2
DA:5,2
DA:7,2
DA:10,1
DA:14,1
LF:6
LH:6
BRF:0
BRH:0
end_of_record
TN:
SF:/home/rampage/Desktop/work/repos/private/@rxdi/core/src/services/controllers/index.ts
FNF:0
FNH:0
DA:1,1
LF:1
LH:1
BRF:0
BRH:0
end_of_record
TN:
SF:/home/rampage/Desktop/work/repos/private/@rxdi/core/src/services/effect/effect.service.ts
FN:4,(anonymous_1)
FN:9,(anonymous_2)
FN:13,(anonymous_3)
FNF:3
FNH:3
FNDA:2,(anonymous_1)
FNDA:1,(anonymous_2)
FNDA:1,(anonymous_3)
DA:1,2
DA:2,2
DA:5,2
DA:7,2
DA:10,1
DA:14,1
LF:6
LH:6
BRF:0
BRH:0
end_of_record
TN:
SF:/home/rampage/Desktop/work/repos/private/@rxdi/core/src/services/effect/index.ts
FNF:0
FNH:0
DA:1,1
LF:1
LH:1
BRF:0
BRH:0
end_of_record
TN:
SF:/home/rampage/Desktop/work/repos/private/@rxdi/core/src/services/exit-handler/exit-handler.service.ts
FN:15,(anonymous_2)
FN:20,(anonymous_3)
FN:22,(anonymous_4)
FN:33,(anonymous_5)
FN:34,(anonymous_6)
FN:35,(anonymous_7)
FNF:6
FNH:2
FNDA:1,(anonymous_2)
FNDA:1,(anonymous_3)
FNDA:0,(anonymous_4)
FNDA:0,(anonymous_5)
FNDA:0,(anonymous_6)
FNDA:0,(anonymous_7)
DA:1,1
DA:2,1
DA:3,1
DA:4,1
DA:16,1
DA:17,1
DA:18,1
DA:23,0
DA:24,0
DA:25,0
DA:27,0
DA:28,0
DA:29,0
DA:34,0
DA:35,0
LF:15
LH:7
BRDA:24,0,0,0
BRDA:24,0,1,0
BRDA:27,1,0,0
BRDA:27,1,1,0
BRDA:28,2,0,0
BRDA:28,2,1,0
BRDA:18,3,0,1
BRDA:18,3,1,0
BRDA:18,4,0,1
BRF:9
BRH:2
end_of_record
TN:
SF:/home/rampage/Desktop/work/repos/private/@rxdi/core/src/services/exit-handler/index.ts
FNF:0
FNH:0
DA:1,1
LF:1
LH:1
BRF:0
BRH:0
end_of_record
TN:
SF:/home/rampage/Desktop/work/repos/private/@rxdi/core/src/services/external-importer/external-importer-config.ts
FNF:0
FNH:0
DA:3,1
LF:1
LH:1
BRF:0
BRH:0
end_of_record
TN:
SF:/home/rampage/Desktop/work/repos/private/@rxdi/core/src/services/external-importer/external-importer.ts
FN:22,(anonymous_8)
FN:26,(anonymous_9)
FN:32,(anonymous_10)
FN:40,(anonymous_11)
FN:48,(anonymous_12)
FN:58,(anonymous_13)
FN:68,(anonymous_14)
FN:68,(anonymous_15)
FN:89,(anonymous_16)
FN:90,(anonymous_17)
FN:99,(anonymous_18)
FN:103,(anonymous_19)
FN:104,(anonymous_20)
FN:107,(anonymous_21)
FN:108,(anonymous_22)
FNF:15
FNH:7
FNDA:1,(anonymous_8)
FNDA:1,(anonymous_9)
FNDA:0,(anonymous_10)
FNDA:0,(anonymous_11)
FNDA:1,(anonymous_12)
FNDA:1,(anonymous_13)
FNDA:1,(anonymous_14)
FNDA:1,(anonymous_15)
FNDA:1,(anonymous_16)
FNDA:0,(anonymous_17)
FNDA:0,(anonymous_18)
FNDA:0,(anonymous_19)
FNDA:0,(anonymous_20)
FNDA:0,(anonymous_21)
FNDA:0,(anonymous_22)
DA:1,2
DA:3,2
DA:4,2
DA:5,2
DA:6,2
DA:7,2
DA:8,2
DA:9,2
DA:10,2
DA:11,2
DA:14,2
DA:16,2
DA:17,2
DA:18,2
DA:19,2
DA:20,2
DA:23,1
DA:27,1
DA:28,0
DA:33,0
DA:34,0
DA:36,0
DA:41,0
DA:42,0
DA:44,0
DA:49,1
DA:50,1
DA:51,1
DA:52,0
DA:55,1
DA:59,1
DA:60,1
DA:61,0
DA:66,0
DA:68,1
DA:70,1
DA:71,1
DA:72,1
DA:73,1
DA:74,1
DA:75,1
DA:76,1
DA:77,1
DA:78,1
DA:80,1
DA:82,1
DA:84,1
DA:85,1
DA:86,1
DA:89,1
DA:90,0
DA:93,0
DA:94,0
DA:96,0
DA:100,0
DA:101,0
DA:103,0
DA:104,0
DA:107,0
DA:108,0
LF:60
LH:40
BRDA:27,0,0,0
BRDA:27,0,1,1
BRDA:33,1,0,0
BRDA:33,1,1,0
BRDA:41,2,0,0
BRDA:41,2,1,0
BRDA:51,3,0,0
BRDA:51,3,1,0
BRDA:60,4,0,0
BRDA:60,4,1,1
BRDA:74,5,0,1
BRDA:74,5,1,1
BRDA:75,6,0,1
BRDA:75,6,1,0
BRDA:84,7,0,1
BRDA:84,7,1,0
BRDA:16,8,0,2
BRDA:16,8,1,0
BRDA:16,9,0,2
BRDA:17,10,0,2
BRDA:17,10,1,0
BRDA:17,11,0,2
BRDA:18,12,0,2
BRDA:18,12,1,0
BRDA:18,13,0,2
BRDA:19,14,0,2
BRDA:19,14,1,0
BRDA:19,15,0,2
BRDA:20,16,0,2
BRDA:20,16,1,0
BRDA:20,17,0,2
BRF:31
BRH:16
end_of_record
TN:
SF:/home/rampage/Desktop/work/repos/private/@rxdi/core/src/services/external-importer/index.ts
FNF:0
FNH:0
DA:1,1
DA:2,1
LF:2
LH:2
BRF:0
BRH:0
end_of_record
TN:
SF:/home/rampage/Desktop/work/repos/private/@rxdi/core/src/services/file/file.service.ts
FN:15,(anonymous_2)
FN:18,(anonymous_3)
FN:25,(anonymous_4)
FN:29,(anonymous_5)
FN:30,(anonymous_6)
FN:31,(anonymous_7)
FN:45,(anonymous_8)
FN:46,(anonymous_9)
FN:47,(anonymous_10)
FN:58,(anonymous_11)
FN:61,(anonymous_12)
FN:69,(anonymous_13)
FN:71,(anonymous_14)
FN:74,(anonymous_15)
FNF:14
FNH:1
FNDA:0,(anonymous_2)
FNDA:0,(anonymous_3)
FNDA:1,(anonymous_4)
FNDA:0,(anonymous_5)
FNDA:0,(anonymous_6)
FNDA:0,(anonymous_7)
FNDA:0,(anonymous_8)
FNDA:0,(anonymous_9)
FNDA:0,(anonymous_10)
FNDA:0,(anonymous_11)
FNDA:0,(anonymous_12)
FNDA:0,(anonymous_13)
FNDA:0,(anonymous_14)
FNDA:0,(anonymous_15)
DA:1,2
DA:2,2
DA:3,2
DA:4,2
DA:5,2
DA:6,2
DA:7,2
DA:8,2
DA:11,2
DA:13,2
DA:16,0
DA:19,0
DA:20,0
DA:26,1
DA:30,0
DA:31,0
DA:32,0
DA:33,0
DA:34,0
DA:37,0
DA:46,0
DA:47,0
DA:48,0
DA:49,0
DA:51,0
DA:59,0
DA:60,0
DA:61,0
DA:62,0
DA:63,0
DA:65,0
DA:66,0
DA:67,0
DA:69,0
DA:70,0
DA:71,0
DA:72,0
DA:73,0
DA:74,0
DA:75,0
DA:76,0
DA:77,0
DA:81,0
DA:82,0
DA:83,0
LF:45
LH:11
BRDA:32,0,0,0
BRDA:32,0,1,0
BRDA:48,1,0,0
BRDA:48,1,1,0
BRDA:62,2,0,0
BRDA:62,2,1,0
BRDA:66,3,0,0
BRDA:66,3,1,0
BRDA:72,4,0,0
BRDA:72,4,1,0
BRDA:72,5,0,0
BRDA:72,5,1,0
BRDA:76,6,0,0
BRDA:76,6,1,0
BRDA:82,7,0,0
BRDA:82,7,1,0
BRDA:13,8,0,2
BRDA:13,8,1,0
BRDA:13,9,0,2
BRF:19
BRH:2
end_of_record
TN:
SF:/home/rampage/Desktop/work/repos/private/@rxdi/core/src/services/file/index.ts
FNF:0
FNH:0
DA:1,2
LF:1
LH:1
BRF:0
BRH:0
end_of_record
TN:
SF:/home/rampage/Desktop/work/repos/private/@rxdi/core/src/services/lazy-factory/lazy-factory.service.ts
FN:4,(anonymous_1)
FN:7,(anonymous_2)
FN:11,(anonymous_3)
FNF:3
FNH:1
FNDA:1,(anonymous_1)
FNDA:0,(anonymous_2)
FNDA:0,(anonymous_3)
DA:1,1
DA:5,1
DA:6,1
DA:8,0
DA:9,0
DA:12,0
LF:6
LH:3
BRF:0
BRH:0
end_of_record
TN:
SF:/home/rampage/Desktop/work/repos/private/@rxdi/core/src/services/metadata/index.ts
FNF:0
FNH:0
DA:1,1
LF:1
LH:1
BRF:0
BRH:0
end_of_record
TN:
SF:/home/rampage/Desktop/work/repos/private/@rxdi/core/src/services/metadata/metadata.service.ts
FN:7,(anonymous_1)
FN:10,(anonymous_2)
FN:18,(anonymous_3)
FN:18,(anonymous_4)
FN:21,(anonymous_5)
FN:27,(anonymous_6)
FN:32,(anonymous_7)
FN:32,(anonymous_8)
FN:32,(anonymous_9)
FN:54,(anonymous_10)
FN:65,(anonymous_11)
FNF:11
FNH:7
FNDA:2,(anonymous_1)
FNDA:3,(anonymous_2)
FNDA:2,(anonymous_3)
FNDA:1,(anonymous_4)
FNDA:0,(anonymous_5)
FNDA:3,(anonymous_6)
FNDA:0,(anonymous_7)
FNDA:0,(anonymous_8)
FNDA:0,(anonymous_9)
FNDA:2,(anonymous_10)
FNDA:2,(anonymous_11)
DA:1,1
DA:2,1
DA:5,1
DA:8,2
DA:9,2
DA:10,2
DA:11,3
DA:12,0
DA:13,3
DA:14,3
DA:15,3
DA:18,2
DA:28,3
DA:29,0
DA:32,0
DA:55,2
DA:66,2
LF:17
LH:14
BRDA:8,0,0,2
BRDA:8,0,1,0
BRDA:9,1,0,2
BRDA:9,1,1,1
BRDA:11,2,0,0
BRDA:11,2,1,3
BRDA:11,3,0,3
BRDA:11,3,1,3
BRDA:13,4,0,3
BRDA:13,4,1,0
BRDA:28,5,0,0
BRDA:28,5,1,3
BRDA:28,6,0,3
BRDA:28,6,1,0
BRDA:32,7,0,0
BRDA:32,7,1,0
BRDA:32,7,2,0
BRF:17
BRH:9
end_of_record
TN:
SF:/home/rampage/Desktop/work/repos/private/@rxdi/core/src/services/module/index.ts
FNF:0
FNH:0
DA:1,1
DA:2,1
LF:2
LH:2
BRF:0
BRH:0
end_of_record
TN:
SF:/home/rampage/Desktop/work/repos/private/@rxdi/core/src/services/module/module.service.ts
FN:16,(anonymous_2)
FN:31,(anonymous_3)
FN:32,(anonymous_4)
FN:58,(anonymous_5)
FN:61,(anonymous_6)
FN:65,(anonymous_7)
FN:72,(anonymous_8)
FN:80,(anonymous_9)
FN:85,(anonymous_10)
FN:87,(anonymous_11)
FN:95,(anonymous_12)
FN:96,(anonymous_13)
FN:106,(anonymous_14)
FN:107,(anonymous_15)
FN:117,(anonymous_16)
FN:118,(anonymous_17)
FN:128,(anonymous_18)
FN:129,(anonymous_19)
FN:139,(anonymous_20)
FN:140,(anonymous_21)
FN:150,(anonymous_22)
FN:151,(anonymous_23)
FN:161,(anonymous_24)
FN:162,(anonymous_25)
FN:172,(anonymous_26)
FN:173,(anonymous_27)
FNF:26
FNH:1
FNDA:1,(anonymous_2)
FNDA:0,(anonymous_3)
FNDA:0,(anonymous_4)
FNDA:0,(anonymous_5)
FNDA:0,(anonymous_6)
FNDA:0,(anonymous_7)
FNDA:0,(anonymous_8)
FNDA:0,(anonymous_9)
FNDA:0,(anonymous_10)
FNDA:0,(anonymous_11)
FNDA:0,(anonymous_12)
FNDA:0,(anonymous_13)
FNDA:0,(anonymous_14)
FNDA:0,(anonymous_15)
FNDA:0,(anonymous_16)
FNDA:0,(anonymous_17)
FNDA:0,(anonymous_18)
FNDA:0,(anonymous_19)
FNDA:0,(anonymous_20)
FNDA:0,(anonymous_21)
FNDA:0,(anonymous_22)
FNDA:0,(anonymous_23)
FNDA:0,(anonymous_24)
FNDA:0,(anonymous_25)
FNDA:0,(anonymous_26)
FNDA:0,(anonymous_27)
DA:1,1
DA:2,1
DA:3,1
DA:4,1
DA:6,1
DA:7,1
DA:8,1
DA:9,1
DA:10,1
DA:11,1
DA:12,1
DA:13,1
DA:14,1
DA:17,1
DA:19,1
DA:21,1
DA:22,1
DA:23,1
DA:24,1
DA:25,1
DA:26,1
DA:27,1
DA:28,1
DA:29,1
DA:32,0
DA:33,0
DA:35,0
DA:37,0
DA:38,0
DA:41,0
DA:42,0
DA:43,0
DA:44,0
DA:45,0
DA:46,0
DA:47,0
DA:48,0
DA:50,0
DA:51,0
DA:59,0
DA:60,0
DA:61,0
DA:66,0
DA:67,0
DA:68,0
DA:73,0
DA:74,0
DA:76,0
DA:81,0
DA:82,0
DA:86,0
DA:87,0
DA:88,0
DA:89,0
DA:91,0
DA:96,0
DA:97,0
DA:98,0
DA:102,0
DA:107,0
DA:108,0
DA:109,0
DA:113,0
DA:118,0
DA:119,0
DA:120,0
DA:124,0
DA:129,0
DA:130,0
DA:131,0
DA:135,0
DA:140,0
DA:141,0
DA:142,0
DA:146,0
DA:151,0
DA:152,0
DA:153,0
DA:157,0
DA:162,0
DA:163,0
DA:164,0
DA:168,0
DA:173,0
DA:174,0
DA:175,0
DA:176,0
DA:178,0
LF:88
LH:24
BRDA:37,0,0,0
BRDA:37,0,1,0
BRDA:37,1,0,0
BRDA:37,1,1,0
BRDA:41,2,0,0
BRDA:41,2,1,0
BRDA:41,3,0,0
BRDA:41,3,1,0
BRDA:43,4,0,0
BRDA:43,4,1,0
BRDA:43,5,0,0
BRDA:43,5,1,0
BRDA:45,6,0,0
BRDA:45,6,1,0
BRDA:45,7,0,0
BRDA:45,7,1,0
BRDA:45,7,2,0
BRDA:47,8,0,0
BRDA:47,8,1,0
BRDA:47,9,0,0
BRDA:47,9,1,0
BRDA:59,10,0,0
BRDA:59,10,1,0
BRDA:60,11,0,0
BRDA:60,11,1,0
BRDA:67,12,0,0
BRDA:67,12,1,0
BRDA:73,13,0,0
BRDA:73,13,1,0
BRDA:88,14,0,0
BRDA:88,14,1,0
BRDA:175,15,0,0
BRDA:175,15,1,0
BRDA:21,16,0,1
BRDA:21,16,1,0
BRDA:21,17,0,1
BRDA:22,18,0,1
BRDA:22,18,1,0
BRDA:22,19,0,1
BRDA:23,20,0,1
BRDA:23,20,1,0
BRDA:23,21,0,1
BRDA:24,22,0,1
BRDA:24,22,1,0
BRDA:24,23,0,1
BRDA:25,24,0,1
BRDA:25,24,1,0
BRDA:25,25,0,1
BRDA:26,26,0,1
BRDA:26,26,1,0
BRDA:26,27,0,1
BRDA:27,28,0,1
BRDA:27,28,1,0
BRDA:27,29,0,1
BRDA:28,30,0,1
BRDA:28,30,1,0
BRDA:28,31,0,1
BRDA:29,32,0,1
BRDA:29,32,1,0
BRDA:29,33,0,1
BRF:60
BRH:18
end_of_record
TN:
SF:/home/rampage/Desktop/work/repos/private/@rxdi/core/src/services/module/helpers/validators.ts
FN:7,(anonymous_1)
FN:21,(anonymous_2)
FN:35,(anonymous_3)
FN:47,(anonymous_4)
FN:55,(anonymous_5)
FN:63,(anonymous_6)
FN:71,(anonymous_7)
FN:79,(anonymous_8)
FNF:8
FNH:0
FNDA:0,(anonymous_1)
FNDA:0,(anonymous_2)
FNDA:0,(anonymous_3)
FNDA:0,(anonymous_4)
FNDA:0,(anonymous_5)
FNDA:0,(anonymous_6)
FNDA:0,(anonymous_7)
FNDA:0,(anonymous_8)
DA:1,1
DA:5,1
DA:8,0
DA:9,0
DA:10,0
DA:22,0
DA:23,0
DA:24,0
DA:25,0
DA:36,0
DA:37,0
DA:48,0
DA:49,0
DA:50,0
DA:52,0
DA:56,0
DA:57,0
DA:58,0
DA:60,0
DA:64,0
DA:65,0
DA:66,0
DA:68,0
DA:72,0
DA:73,0
DA:74,0
DA:76,0
DA:80,0
DA:81,0
DA:82,0
DA:84,0
LF:31
LH:2
BRDA:8,0,0,0
BRDA:8,0,1,0
BRDA:22,1,0,0
BRDA:22,1,1,0
BRDA:36,2,0,0
BRDA:36,2,1,0
BRDA:49,3,0,0
BRDA:49,3,1,0
BRDA:57,4,0,0
BRDA:57,4,1,0
BRDA:65,5,0,0
BRDA:65,5,1,0
BRDA:73,6,0,0
BRDA:73,6,1,0
BRDA:81,7,0,0
BRDA:81,7,1,0
BRF:16
BRH:0
end_of_record
TN:
SF:/home/rampage/Desktop/work/repos/private/@rxdi/core/src/services/plugin/plugin.service.ts
FN:5,(anonymous_1)
FN:12,(anonymous_2)
FN:16,(anonymous_3)
FN:20,(anonymous_4)
FN:24,(anonymous_5)
FN:28,(anonymous_6)
FN:32,(anonymous_7)
FNF:7
FNH:1
FNDA:1,(anonymous_1)
FNDA:0,(anonymous_2)
FNDA:0,(anonymous_3)
FNDA:0,(anonymous_4)
FNDA:0,(anonymous_5)
FNDA:0,(anonymous_6)
FNDA:0,(anonymous_7)
DA:1,1
DA:3,1
DA:6,1
DA:8,1
DA:9,1
DA:10,1
DA:13,0
DA:17,0
DA:21,0
DA:25,0
DA:29,0
DA:33,0
LF:12
LH:6
BRF:0
BRH:0
end_of_record
TN:
SF:/home/rampage/Desktop/work/repos/private/@rxdi/core/src/services/plugin-manager/plugin-manager.ts
FN:7,(anonymous_2)
FN:11,(anonymous_3)
FN:15,(anonymous_4)
FN:16,(anonymous_5)
FNF:4
FNH:1
FNDA:1,(anonymous_2)
FNDA:0,(anonymous_3)
FNDA:0,(anonymous_4)
FNDA:0,(anonymous_5)
DA:1,1
DA:2,1
DA:5,1
DA:8,1
DA:12,0
DA:16,0
LF:6
LH:4
BRDA:8,0,0,1
BRDA:8,0,1,0
BRDA:8,1,0,1
BRF:3
BRH:2
end_of_record
TN:
SF:/home/rampage/Desktop/work/repos/private/@rxdi/core/src/services/request/index.ts
FNF:0
FNH:0
DA:1,2
LF:1
LH:1
BRF:0
BRH:0
end_of_record
TN:
SF:/home/rampage/Desktop/work/repos/private/@rxdi/core/src/services/request/request.service.ts
FN:8,(anonymous_1)
FN:9,(anonymous_2)
FN:11,(anonymous_3)
FN:13,(anonymous_4)
FN:14,(anonymous_5)
FN:15,(anonymous_6)
FN:20,(anonymous_7)
FN:22,(anonymous_8)
FN:23,(anonymous_9)
FN:24,(anonymous_10)
FNF:10
FNH:5
FNDA:1,(anonymous_1)
FNDA:1,(anonymous_2)
FNDA:1,(anonymous_3)
FNDA:1,(anonymous_4)
FNDA:1,(anonymous_5)
FNDA:0,(anonymous_6)
FNDA:0,(anonymous_7)
FNDA:0,(anonymous_8)
FNDA:0,(anonymous_9)
FNDA:0,(anonymous_10)
DA:1,3
DA:2,3
DA:3,3
DA:4,3
DA:7,3
DA:9,1
DA:10,1
DA:11,1
DA:12,1
DA:13,1
DA:14,1
DA:16,0
DA:17,0
DA:20,0
DA:21,0
DA:22,0
DA:23,0
DA:25,0
DA:26,0
LF:19
LH:11
BRDA:10,0,0,1
BRDA:10,0,1,0
BRF:2
BRH:1
end_of_record
TN:
SF:/home/rampage/Desktop/work/repos/private/@rxdi/core/src/services/resolver/index.ts
FNF:0
FNH:0
DA:1,1
LF:1
LH:1
BRF:0
BRH:0
end_of_record
TN:
SF:/home/rampage/Desktop/work/repos/private/@rxdi/core/src/services/resolver/resolver.service.ts
FN:15,(anonymous_2)
FN:21,(anonymous_3)
FN:27,(anonymous_4)
FN:32,(anonymous_5)
FN:33,(anonymous_6)
FN:34,(anonymous_7)
FNF:6
FNH:2
FNDA:1,(anonymous_2)
FNDA:0,(anonymous_3)
FNDA:0,(anonymous_4)
FNDA:1,(anonymous_5)
FNDA:0,(anonymous_6)
FNDA:0,(anonymous_7)
DA:1,1
DA:2,1
DA:3,1
DA:4,1
DA:5,1
DA:6,1
DA:7,1
DA:10,1
DA:12,1
DA:13,1
DA:16,1
DA:17,1
DA:18,1
DA:19,1
DA:22,0
DA:23,0
DA:25,0
DA:27,0
DA:33,1
DA:34,0
DA:35,0
DA:36,0
DA:38,0
DA:39,0
DA:40,0
DA:41,0
DA:43,0
DA:44,0
DA:45,0
DA:47,0
DA:50,0
LF:31
LH:15
BRDA:22,0,0,0
BRDA:22,0,1,0
BRDA:27,1,0,0
BRDA:27,1,1,0
BRDA:35,2,0,0
BRDA:35,2,1,0
BRDA:35,3,0,0
BRDA:35,3,1,0
BRDA:39,4,0,0
BRDA:39,4,1,0
BRDA:40,5,0,0
BRDA:40,5,1,0
BRDA:12,6,0,1
BRDA:12,6,1,0
BRDA:12,7,0,1
BRDA:13,8,0,1
BRDA:13,8,1,0
BRDA:13,9,0,1
BRF:18
BRH:4
end_of_record
TN:
SF:/home/rampage/Desktop/work/repos/private/@rxdi/core/src/services/services/index.ts
FNF:0
FNH:0
DA:1,1
LF:1
LH:1
BRF:0
BRH:0
end_of_record
TN:
SF:/home/rampage/Desktop/work/repos/private/@rxdi/core/src/services/services/services.service.ts
FN:4,(anonymous_1)
FN:9,(anonymous_2)
FN:13,(anonymous_3)
FNF:3
FNH:1
FNDA:1,(anonymous_1)
FNDA:0,(anonymous_2)
FNDA:0,(anonymous_3)
DA:1,1
DA:2,1
DA:5,1
DA:7,1
DA:10,0
DA:14,0
LF:6
LH:4
BRF:0
BRH:0
end_of_record
